2014-07-14 14:36:12,812-0500 DEBUG Loader setting: sites.file to: /Users/yangyangxinye/Dropbox/Documents/Swift/swift-on-cloud/swift-cloud-tutorial/part04_new/run001/sites.xml
2014-07-14 14:36:12,814-0500 DEBUG Loader setting: tc.file to: /Users/yangyangxinye/Dropbox/Documents/Swift/swift-on-cloud/swift-cloud-tutorial/part04_new/run001/apps
2014-07-14 14:36:12,814-0500 INFO  Loader VERSION Swift 0.95 RC6 swift-r7900 cog-r3908
2014-07-14 14:36:12,814-0500 INFO  Loader RUN_ID run001
2014-07-14 14:36:12,814-0500 INFO  Loader ARGUMENTS [-runid, run001, -logfile, /Users/yangyangxinye/Dropbox/Documents/Swift/swift-on-cloud/swift-cloud-tutorial/part04_new/run001/run001.log, -sites.file, /Users/yangyangxinye/Dropbox/Documents/Swift/swift-on-cloud/swift-cloud-tutorial/part04_new/run001/sites.xml, -tc.file, /Users/yangyangxinye/Dropbox/Documents/Swift/swift-on-cloud/swift-cloud-tutorial/part04_new/run001/apps, -config, /Users/yangyangxinye/Dropbox/Documents/Swift/swift-on-cloud/swift-cloud-tutorial/part04_new/run001/cf, p4.swift]
2014-07-14 14:36:12,814-0500 INFO  Loader MAX_HEAP 1060372480
2014-07-14 14:36:12,814-0500 INFO  Loader GLOBUS_HOSTNAME wireless-205-208-125-223.uchicago.edu
2014-07-14 14:36:12,814-0500 INFO  Loader CWD /Users/yangyangxinye/Dropbox/Documents/Swift/swift-on-cloud/swift-cloud-tutorial/part04_new/.
2014-07-14 14:36:12,815-0500 DEBUG Loader SWIFT_CONFIGURATION Swift configuration ([/Users/yangyangxinye/Dropbox/Documents/Swift/swift-on-cloud/swift-cloud-tutorial/part04_new/run001/cf]): {pgraph.node.options=color="seagreen", style="filled", clustering.min.time=60, clustering.queue.delay=4, sites.file=/Users/yangyangxinye/Dropbox/Documents/Swift/swift-on-cloud/swift-cloud-tutorial/part04_new/run001/sites.xml, ticker.prefix=Progress: , provenance.log=false, kickstart.enabled=maybe, tc.file=/Users/yangyangxinye/Dropbox/Documents/Swift/swift-on-cloud/swift-cloud-tutorial/part04_new/run001/apps, foreach.max.threads=16384, lazy.errors=false, ticker.date.format=, sitedir.keep=false, throttle.score.job.factor=0.2, kickstart.always.transfer=false, throttle.host.submit=2, replication.limit=3, clustering.enabled=false, pgraph=false, file.gc.enabled=true, replication.min.queue.time=60, wrapper.parameter.mode=args, replication.enabled=false, throttle.transfers=4, wrapperlog.always.transfer=false, throttle.submit=4, pgraph.graph.options=splines="compound", rankdir="TB", caching.algorithm=LRU, use.wrapper.staging=false, tracing.enabled=true, provider.staging.pin.swiftfiles=false, wrapper.invocation.mode=absolute, mapping.checker=on, execution.retries=2, cdm.broadcast.mode=file, status.mode=files, use.provider.staging=true, throttle.file.operations=8}
2014-07-14 14:36:12,815-0500 INFO  Loader SITES_FILE /Users/yangyangxinye/Dropbox/Documents/Swift/swift-on-cloud/swift-cloud-tutorial/part04_new/run001/sites.xml
2014-07-14 14:36:12,816-0500 DEBUG textfiles BEGIN SITES:
<?xml version="1.0" encoding="UTF-8"?>
<config xmlns="http://www.ci.uchicago.edu/swift/SwiftSites">

<pool handle="cloud">
<workdirectory>/home/sophiayang/work</workdirectory>
<profile namespace="globus" key="workerManager">passive</profile>
<profile namespace="globus" key="maxwalltime">04:00:00</profile>
<filesystem provider="local"/>
<profile namespace="karajan" key="jobThrottle">7.99</profile>
<profile namespace="karajan" key="initialScore">10000</profile>
<execution provider="coaster-persistent" jobmanager="local:local" url="http://130.211.176.225:50010"/>
</pool>

<pool handle="local">
<filesystem provider="local"/>
<execution provider="coaster" jobmanager="local:local"/>
<profile namespace="globus" key="jobsPerNode">4</profile>
<profile namespace="karajan" key="initialScore">10000</profile>
<profile namespace="karajan" key="jobThrottle">0.03</profile>
<workdirectory>/tmp/swiftwork</workdirectory>
</pool>

</config>


2014-07-14 14:36:12,816-0500 DEBUG textfiles END SITES:
2014-07-14 14:36:12,816-0500 INFO  Loader TC_FILE /Users/yangyangxinye/Dropbox/Documents/Swift/swift-on-cloud/swift-cloud-tutorial/part04_new/run001/apps
2014-07-14 14:36:12,816-0500 DEBUG textfiles BEGIN TC:
* * * INSTALLED INTEL32::LINUX null


2014-07-14 14:36:12,816-0500 DEBUG textfiles END TC:
2014-07-14 14:36:12,816-0500 DEBUG textfiles BEGIN SWIFTSCRIPT:
type file;

app (file out) sortdata (file unsorted)
{
  sort "--n" "unsorted.txt" stdout=filename(out);
}

file unsorted <"unsorted.txt">;
file sorted <"sorted.txt">;

sorted = sortdata(unsorted);


2014-07-14 14:36:12,816-0500 DEBUG textfiles END SWIFTSCRIPT:
2014-07-14 14:36:12,816-0500 INFO  Loader p4.swift: source file is new. Recompiling.
2014-07-14 14:36:13,680-0500 INFO  Loader RUN_START
2014-07-14 14:36:13,682-0500 INFO  SwiftExecutor swift.home = /Users/yangyangxinye/Downloads/swift-0.95-RC6
2014-07-14 14:36:13,691-0500 INFO  swift Using sites file: /Users/yangyangxinye/Dropbox/Documents/Swift/swift-on-cloud/swift-cloud-tutorial/part04_new/run001/sites.xml
2014-07-14 14:36:13,712-0500 INFO  swift Using tc.data: /Users/yangyangxinye/Dropbox/Documents/Swift/swift-on-cloud/swift-cloud-tutorial/part04_new/run001/apps
2014-07-14 14:36:13,795-0500 INFO  AbstractScheduler Setting resources to: {cloud=cloud, local=local}
2014-07-14 14:36:13,809-0500 INFO  TRACE Variable declaration, line 12, thread R, null = unsorted.txt
2014-07-14 14:36:13,810-0500 INFO  TRACE Variable declaration, line 13, thread R, null = --n
2014-07-14 14:36:13,824-0500 INFO  TRACE VARIABLE, line 8, thread R, unsorted INITIALIZED <SingleFileMapper; , file = file://localhost/unsorted.txt>
2014-07-14 14:36:13,824-0500 INFO  TRACE VARIABLE, line 8, thread R, unsorted INITIALIZED <SingleFileMapper; , file = file://localhost/unsorted.txt>
2014-07-14 14:36:13,824-0500 INFO  TRACE VARIABLE, line 8, thread R, unsorted MAPPING $, file://localhost/unsorted.txt
2014-07-14 14:36:13,825-0500 INFO  TRACE Variable declaration, line 8, thread R, unsorted <SingleFileMapper; , file = file://localhost/unsorted.txt>
2014-07-14 14:36:13,825-0500 INFO  TRACE VARIABLE, line 9, thread R, sorted INITIALIZED <SingleFileMapper; , file = file://localhost/sorted.txt>
2014-07-14 14:36:13,825-0500 INFO  TRACE Variable declaration, line 9, thread R, sorted <SingleFileMapper; , file = file://localhost/sorted.txt>
2014-07-14 14:36:13,838-0500 INFO  TRACE APPCALL, line 3, thread R, sortdata()
2014-07-14 14:36:13,838-0500 DEBUG swift PROCEDURE line=3 thread=R name=sortdata
2014-07-14 14:36:13,838-0500 INFO  RuntimeStats$ProgressTicker 
2014-07-14 14:36:13,838-0500 INFO  RuntimeStats$ProgressTicker HeapMax: 1060372480, CrtHeap: 85000192, UsedHeap: 5492648
2014-07-14 14:36:13,844-0500 DEBUG swift THREAD_ASSOCIATION jobid=sort-c94tphtl thread=R host=local replicationGroup=null
2014-07-14 14:36:13,845-0500 DEBUG swift JOB_START jobid=sort-c94tphtl tr=sort arguments=[--n, unsorted.txt] tmpdir=p4-run001/jobs/c/sort-c94tphtl host=local
2014-07-14 14:36:13,860-0500 INFO  GlobalSubmitQueue No global submit throttle set. Using default (1024)
2014-07-14 14:36:13,898-0500 INFO  LocalService Started local service: 205.208.125.223:52799
2014-07-14 14:36:13,908-0500 INFO  BootstrapService Socket bound. URL is http://wireless-205-208-125-223.uchicago.edu:52800
2014-07-14 14:36:13,943-0500 INFO  Settings Local contacts: [http://205.208.125.223:52802]
2014-07-14 14:36:13,945-0500 INFO  CoasterService Started local service: http://205.208.125.223:52802
2014-07-14 14:36:13,945-0500 INFO  CoasterService Reserving channel for registration
2014-07-14 14:36:13,958-0500 INFO  MetaChannel MetaChannel [context: cpipe, boundTo: null] binding to cpipe://1
2014-07-14 14:36:13,958-0500 INFO  MetaChannel MetaChannel [context: spipe, boundTo: null] binding to spipe://1
2014-07-14 14:36:13,958-0500 INFO  CoasterService Sending registration
2014-07-14 14:36:13,961-0500 INFO  MetaChannel Trying to re-bind current channel
2014-07-14 14:36:13,962-0500 INFO  RequestHandler Handler(tag: 1, REGISTER) unregistering (send)
2014-07-14 14:36:13,962-0500 INFO  CoasterService Registration complete
2014-07-14 14:36:13,962-0500 INFO  CoasterService Started coaster service: http://205.208.125.223:52801
2014-07-14 14:36:13,963-0500 INFO  RequestHandler Handler(tag: 1, CONFIGSERVICE) unregistering (send)
2014-07-14 14:36:13,974-0500 INFO  BlockQueueProcessor Starting... id=0714-3602130
2014-07-14 14:36:13,975-0500 INFO  RequestHandler Handler(tag: 2, SUBMITJOB) unregistering (send)
2014-07-14 14:36:13,980-0500 INFO  BlockQueueProcessor 
Settings {
	slots = 20
	jobsPerNode = 4
	workersPerNode = 4
	nodeGranularity = 1
	allocationStepSize = 0.1
	maxNodes = 2097151
	lowOverallocation = 10.0
	highOverallocation = 1.0
	overallocationDecayFactor = 0.0010
	spread = 0.9
	reserve = 60.000s
	maxtime = 2147483647
	remoteMonitorEnabled = false
	internalHostname = 205.208.125.223
	hookClass = null
	workerManager = block
	workerLoggingLevel = NONE
	workerLoggingDirectory = DEFAULT
	ldLibraryPath = null
	workerCopies = null
	directory = null
	useHashBang = null
	parallelism = 0.01
	coresPerNode = 1
	perfTraceWorker = false
	perfTraceInterval = -1
	attributes = {}
	callbackURIs = [http://205.208.125.223:52802]
}

2014-07-14 14:36:13,980-0500 INFO  BlockQueueProcessor Jobs in holding queue: 1
2014-07-14 14:36:13,980-0500 INFO  BlockQueueProcessor Time estimate for holding queue (seconds): 1
2014-07-14 14:36:13,980-0500 INFO  BlockQueueProcessor Allocating blocks for a total walltime of: 1s
2014-07-14 14:36:13,980-0500 INFO  BlockQueueProcessor 	 Considering: Job(id:0 600.000s)
2014-07-14 14:36:13,980-0500 INFO  BlockQueueProcessor 	  Max Walltime (seconds):   600
2014-07-14 14:36:13,980-0500 INFO  BlockQueueProcessor 	  Time estimate (seconds):  3600
2014-07-14 14:36:13,980-0500 INFO  BlockQueueProcessor 	  Total for this new Block (est. seconds): 0
2014-07-14 14:36:13,983-0500 INFO  BlockQueueProcessor index: 0, last: 0, holding.size(): 1
2014-07-14 14:36:13,983-0500 INFO  BlockQueueProcessor Queued: 1 jobs to new Block
2014-07-14 14:36:13,983-0500 INFO  BlockQueueProcessor index: 0, last: 0, ii: 1, holding.size(): 1
2014-07-14 14:36:13,983-0500 INFO  Block Starting block: workers=4, walltime=3600.000s
2014-07-14 14:36:13,985-0500 INFO  RemoteLogHandler BLOCK_REQUESTED id=0714-3602130-000000, cores=4, coresPerWorker=1, walltime=3600
2014-07-14 14:36:13,985-0500 INFO  RequestHandler Handler(tag: 2, RLOG) unregistering (send)
2014-07-14 14:36:13,987-0500 INFO  BlockTaskSubmitter Queuing block Block 0714-3602130-000000 (4x3600.000s) for submission
2014-07-14 14:36:13,988-0500 INFO  BlockQueueProcessor Added 1 jobs to new blocks
2014-07-14 14:36:13,988-0500 INFO  BlockTaskSubmitter Submitting block Block 0714-3602130-000000 (4x3600.000s)
2014-07-14 14:36:13,988-0500 INFO  ExecutionTaskHandler provider=local
2014-07-14 14:36:13,992-0500 INFO  Block Block task status changed: Submitting
2014-07-14 14:36:13,992-0500 INFO  JobSubmissionTaskHandler Submit: in: / command: /usr/bin/perl /Users/yangyangxinye/.globus/coasters/cscript3619734540645962267.pl http://205.208.125.223:52802 0714-3602130-000000 NOLOGGING
2014-07-14 14:36:13,992-0500 INFO  Block Block task status changed: Submitted
2014-07-14 14:36:14,003-0500 INFO  Block Block task status changed: Active
2014-07-14 14:36:14,004-0500 INFO  RemoteLogHandler BLOCK_ACTIVE id=0714-3602130-000000
2014-07-14 14:36:14,004-0500 INFO  RequestHandler Handler(tag: 3, RLOG) unregistering (send)
2014-07-14 14:36:14,117-0500 INFO  AbstractCoasterChannel Timeout check started for TCPChannel [type: server, contact: unknown]
2014-07-14 14:36:14,119-0500 INFO  AbstractTCPChannel Channel started: TCPChannel [type: server, contact: 205.208.125.223:52803]
2014-07-14 14:36:14,123-0500 INFO  LocalTCPService Received registration: blockid = 0714-3602130-000000, url = wireless-205-208-125-223.uchicago.edu
2014-07-14 14:36:14,123-0500 INFO  MetaChannel MetaChannel [context: worker-1, boundTo: null] binding to TCPChannel [type: server, contact: 205.208.125.223:52803]
2014-07-14 14:36:14,125-0500 INFO  RemoteLogHandler WORKER_ACTIVE blockid=0714-3602130-000000
2014-07-14 14:36:14,125-0500 INFO  RequestHandler Handler(tag: 4, RLOG) unregistering (send)
2014-07-14 14:36:14,127-0500 DEBUG Cpu worker started: block=0714-3602130-000000 host=wireless-205-208-125-223.uchicago.edu id=0
2014-07-14 14:36:14,127-0500 DEBUG Cpu ready for work: block=0714-3602130-000000 id=0
2014-07-14 14:36:14,128-0500 INFO  Block Started CPU 0:1405366574s
2014-07-14 14:36:14,128-0500 DEBUG Cpu worker started: block=0714-3602130-000000 host=wireless-205-208-125-223.uchicago.edu id=1
2014-07-14 14:36:14,128-0500 DEBUG Cpu ready for work: block=0714-3602130-000000 id=1
2014-07-14 14:36:14,128-0500 INFO  Block Started CPU 1:1405366574s
2014-07-14 14:36:14,128-0500 DEBUG Cpu worker started: block=0714-3602130-000000 host=wireless-205-208-125-223.uchicago.edu id=2
2014-07-14 14:36:14,128-0500 DEBUG Cpu ready for work: block=0714-3602130-000000 id=2
2014-07-14 14:36:14,128-0500 INFO  Block Started CPU 2:1405366574s
2014-07-14 14:36:14,129-0500 DEBUG Cpu worker started: block=0714-3602130-000000 host=wireless-205-208-125-223.uchicago.edu id=3
2014-07-14 14:36:14,129-0500 DEBUG Cpu ready for work: block=0714-3602130-000000 id=3
2014-07-14 14:36:14,129-0500 INFO  Block Started CPU 3:1405366574s
2014-07-14 14:36:14,129-0500 INFO  Block Started worker 0714-3602130-000000:000000
2014-07-14 14:36:14,129-0500 DEBUG Cpu requesting work: block=0714-3602130-000000 id=0 Cpus sleeping: 1
2014-07-14 14:36:14,129-0500 INFO  AbstractStreamCoasterChannel Using NIO sender for TCPChannel [type: server, contact: 0714-3602130-000000-000000]
2014-07-14 14:36:14,130-0500 INFO  Cpu 0714-3602130-000000:0 (quality: 1.0) submitting urn:1405366573698-1405366573701-1405366573702: /bin/bash _swiftwrap.staging -e sort -out sorted.txt -err stderr.txt -i -d  -if unsorted.txt -of sorted.txt -k -cdmfile  -status provider -a --n unsorted.txt
2014-07-14 14:36:14,131-0500 INFO  RequestHandler Handler(tag: 4534, REGISTER) unregistering (send)
2014-07-14 14:36:14,131-0500 DEBUG Cpu requesting work: block=0714-3602130-000000 id=1 Cpus sleeping: 1
2014-07-14 14:36:14,131-0500 DEBUG Cpu 0714-3602130-000000:1 sleeping
2014-07-14 14:36:14,131-0500 DEBUG Cpu requesting work: block=0714-3602130-000000 id=2 Cpus sleeping: 2
2014-07-14 14:36:14,131-0500 DEBUG Cpu 0714-3602130-000000:2 sleeping
2014-07-14 14:36:14,131-0500 DEBUG Cpu requesting work: block=0714-3602130-000000 id=3 Cpus sleeping: 3
2014-07-14 14:36:14,131-0500 DEBUG Cpu 0714-3602130-000000:3 sleeping
2014-07-14 14:36:14,131-0500 INFO  RequestHandler Handler(tag: 5, JOBSTATUS) unregistering (send)
2014-07-14 14:36:14,133-0500 INFO  RequestHandler Handler(tag: 6, JOBSTATUS) unregistering (send)
2014-07-14 14:36:14,134-0500 DEBUG Cpu Stagein workerid=000000
2014-07-14 14:36:14,134-0500 INFO  RequestHandler Handler(tag: 7, JOBSTATUS) unregistering (send)
2014-07-14 14:36:14,134-0500 INFO  RequestHandler Handler(tag: 4535, JOBSTATUS) unregistering (send)
2014-07-14 14:36:14,135-0500 INFO  GetFileHandler Handler(tag: 4536, GET) request complete; src=proxy://u34a7f9eb-14736601b83--7fff-u34a7f9eb-14736601b83--8000S//Users/yangyangxinye/Downloads/swift-0.95-RC6/libexec/_swiftwrap.staging
2014-07-14 14:36:14,148-0500 INFO  GetFileHandler Handler(tag: 4536, GET) reader: PR proxy://u34a7f9eb-14736601b83--7fff-u34a7f9eb-14736601b83--8000S//Users/yangyangxinye/Downloads/swift-0.95-RC6/libexec/_swiftwrap.staging
2014-07-14 14:36:14,148-0500 INFO  GetFileHandler Handler(tag: 4536, GET) -> 8
2014-07-14 14:36:14,149-0500 INFO  GetFileHandler Handler(tag: 8, GET) request complete; src=file://localhost//Users/yangyangxinye/Downloads/swift-0.95-RC6/libexec/_swiftwrap.staging
2014-07-14 14:36:14,150-0500 INFO  GetFileHandler Handler(tag: 8, GET) reader: LR-Handler(tag: 8, GET)
2014-07-14 14:36:14,150-0500 INFO  GetFileHandler Handler(tag: 8, GET) sending length: 6078, 739587016
2014-07-14 14:36:14,150-0500 INFO  GetFileHandler Handler(tag: 4536, GET) sending length: 6078, 603629076
2014-07-14 14:36:14,150-0500 INFO  ReadBuffer RB-LR-Handler(tag: 8, GET) will ask for 1 buffers for a size of 6078
2014-07-14 14:36:14,151-0500 INFO  ReadBuffer RB-LR-Handler(tag: 8, GET) actual allocated buffers 1(0 queued)
2014-07-14 14:36:14,151-0500 INFO  LocalIOProvider LR-Handler(tag: 8, GET) rbuf: RB-LR-Handler(tag: 8, GET)
2014-07-14 14:36:14,151-0500 INFO  GetFileHandler Handler(tag: 8, GET) unregistering (last)
2014-07-14 14:36:14,151-0500 INFO  ReadBuffer RB-LR-Handler(tag: 8, GET) de-allocating 1 buffers
2014-07-14 14:36:14,152-0500 INFO  GetFileHandler Handler(tag: 4536, GET) unregistering (last)
2014-07-14 14:36:14,152-0500 INFO  GetFileHandler Handler(tag: 4537, GET) request complete; src=proxy://u34a7f9eb-14736601b83--7fff-u34a7f9eb-14736601b83--8000S//Users/yangyangxinye/Dropbox/Documents/Swift/swift-on-cloud/swift-cloud-tutorial/part04_new/./unsorted.txt
2014-07-14 14:36:14,153-0500 INFO  GetFileHandler Handler(tag: 4537, GET) reader: PR proxy://u34a7f9eb-14736601b83--7fff-u34a7f9eb-14736601b83--8000S//Users/yangyangxinye/Dropbox/Documents/Swift/swift-on-cloud/swift-cloud-tutorial/part04_new/./unsorted.txt
2014-07-14 14:36:14,153-0500 INFO  GetFileHandler Handler(tag: 4537, GET) -> 9
2014-07-14 14:36:14,153-0500 INFO  GetFileHandler Handler(tag: 9, GET) request complete; src=file://localhost//Users/yangyangxinye/Dropbox/Documents/Swift/swift-on-cloud/swift-cloud-tutorial/part04_new/unsorted.txt
2014-07-14 14:36:14,153-0500 INFO  GetFileHandler Handler(tag: 9, GET) reader: LR-Handler(tag: 9, GET)
2014-07-14 14:36:14,153-0500 INFO  GetFileHandler Handler(tag: 9, GET) sending length: 290, 1686365681
2014-07-14 14:36:14,153-0500 INFO  ReadBuffer RB-LR-Handler(tag: 9, GET) will ask for 1 buffers for a size of 290
2014-07-14 14:36:14,153-0500 INFO  GetFileHandler Handler(tag: 4537, GET) sending length: 290, 1458751852
2014-07-14 14:36:14,153-0500 INFO  ReadBuffer RB-LR-Handler(tag: 9, GET) actual allocated buffers 1(0 queued)
2014-07-14 14:36:14,153-0500 INFO  LocalIOProvider LR-Handler(tag: 9, GET) rbuf: RB-LR-Handler(tag: 9, GET)
2014-07-14 14:36:14,153-0500 INFO  GetFileHandler Handler(tag: 9, GET) unregistering (last)
2014-07-14 14:36:14,153-0500 INFO  ReadBuffer RB-LR-Handler(tag: 9, GET) de-allocating 1 buffers
2014-07-14 14:36:14,153-0500 INFO  GetFileHandler Handler(tag: 4537, GET) unregistering (last)
2014-07-14 14:36:14,155-0500 DEBUG Cpu Active workerid=0714-3602130-000000:000000
2014-07-14 14:36:14,155-0500 INFO  RequestHandler Handler(tag: 4538, JOBSTATUS) unregistering (send)
2014-07-14 14:36:14,155-0500 INFO  RequestHandler Handler(tag: 10, JOBSTATUS) unregistering (send)
2014-07-14 14:36:14,176-0500 DEBUG Cpu Stageout workerid=000000
2014-07-14 14:36:14,176-0500 INFO  RequestHandler Handler(tag: 4539, JOBSTATUS) unregistering (send)
2014-07-14 14:36:14,176-0500 INFO  RequestHandler Handler(tag: 11, JOBSTATUS) unregistering (send)
2014-07-14 14:36:14,176-0500 INFO  PutFileHandler Handler(tag: 4540, PUT) source: /tmp/swiftwork/p4-run001/jobs/c/sort-c94tphtl/sorted.txt
2014-07-14 14:36:14,177-0500 INFO  PutFileHandler Handler(tag: 4540, PUT) destination: proxy://u34a7f9eb-14736601b83--7fff-u34a7f9eb-14736601b83--8000S//Users/yangyangxinye/Dropbox/Documents/Swift/swift-on-cloud/swift-cloud-tutorial/part04_new/./sorted.txt
2014-07-14 14:36:14,179-0500 INFO  PutFileCommand Sending Command(tag: 12, PUT) (t) on cpipe://1
2014-07-14 14:36:14,179-0500 INFO  PutFileCommand Command(tag: 12, PUT) (t) sending data
2014-07-14 14:36:14,179-0500 INFO  PutFileHandler Handler(tag: 4540, PUT) -> 12
2014-07-14 14:36:14,179-0500 INFO  PutFileHandler Handler(tag: 12, PUT) source: /tmp/swiftwork/p4-run001/jobs/c/sort-c94tphtl/sorted.txt
2014-07-14 14:36:14,179-0500 INFO  PutFileHandler Handler(tag: 12, PUT) destination: file://localhost//Users/yangyangxinye/Dropbox/Documents/Swift/swift-on-cloud/swift-cloud-tutorial/part04_new/sorted.txt
2014-07-14 14:36:14,180-0500 INFO  PutFileHandler Handler(tag: 12, PUT) Transfer done
2014-07-14 14:36:14,180-0500 INFO  RequestHandler Handler(tag: 12, PUT) unregistering (send)
2014-07-14 14:36:14,180-0500 INFO  PutFileHandler Handler(tag: 4540, PUT) Transfer done
2014-07-14 14:36:14,180-0500 INFO  RequestHandler Handler(tag: 4540, PUT) unregistering (send)
2014-07-14 14:36:14,181-0500 DEBUG Cpu Completed
2014-07-14 14:36:14,181-0500 INFO  Cpu 0714-3602130-000000:0 jobTerminated
2014-07-14 14:36:14,181-0500 DEBUG Cpu ready for work: block=0714-3602130-000000 id=0
2014-07-14 14:36:14,181-0500 INFO  RequestHandler Handler(tag: 4541, JOBSTATUS) unregistering (send)
2014-07-14 14:36:14,181-0500 DEBUG Cpu requesting work: block=0714-3602130-000000 id=0 Cpus sleeping: 4
2014-07-14 14:36:14,181-0500 INFO  LateBindingScheduler jobs queued: 0
2014-07-14 14:36:14,181-0500 DEBUG Cpu 0714-3602130-000000:0 sleeping
2014-07-14 14:36:14,181-0500 INFO  RequestHandler Handler(tag: 13, JOBSTATUS) unregistering (send)
2014-07-14 14:36:14,181-0500 DEBUG swift JOB_END jobid=sort-c94tphtl
2014-07-14 14:36:14,182-0500 INFO  TRACE VARIABLE, line 9, thread R, sorted INITIALIZED <SingleFileMapper; , file = file://localhost/sorted.txt>
2014-07-14 14:36:14,182-0500 INFO  swift END_SUCCESS thread=R tr=sort
2014-07-14 14:36:14,182-0500 DEBUG swift PROCEDURE_END line=3 thread=R name=sortdata
2014-07-14 14:36:14,182-0500 INFO  RuntimeStats$ProgressTicker   Finished successfully:1
2014-07-14 14:36:14,182-0500 INFO  RuntimeStats$ProgressTicker HeapMax: 1060372480, CrtHeap: 85000192, UsedHeap: 16505528
2014-07-14 14:36:14,194-0500 DEBUG swift Starting cleanups
2014-07-14 14:36:14,195-0500 INFO  swift START cleanups=[]
2014-07-14 14:36:14,195-0500 DEBUG swift Ending cleanups
2014-07-14 14:36:14,196-0500 INFO  SwiftFunction Cleaning unsorted:file = java.lang.Object@3fb7edd3 - Closed
2014-07-14 14:36:14,196-0500 INFO  SwiftFunction Cleaning sorted:file = java.lang.Object@3fb7edd3 - Closed
2014-07-14 14:36:14,198-0500 INFO  Loader Swift finished with no errors
2014-07-14 14:36:14,199-0500 INFO  ServiceManager Cleaning up...
2014-07-14 14:36:14,199-0500 INFO  ServiceManager Shutting down service at https://205.208.125.223:52801
2014-07-14 14:36:14,200-0500 INFO  RequestHandler Handler(tag: 3, SHUTDOWNSERVICE) unregistering (send)
2014-07-14 14:36:14,302-0500 INFO  RequestHandler Handler(tag: 14, UNREGISTER) unregistering (send)
2014-07-14 14:36:14,306-0500 INFO  BlockQueueProcessor Shutting down blocks
2014-07-14 14:36:14,307-0500 INFO  Block Shutting down block Block 0714-3602130-000000 (4x3600.000s)
2014-07-14 14:36:14,307-0500 INFO  RemoteLogHandler BLOCK_SHUTDOWN id=0714-3602130-000000
2014-07-14 14:36:14,307-0500 INFO  RequestHandler Handler(tag: 15, RLOG) unregistering (send)
2014-07-14 14:36:14,307-0500 INFO  Block Adding short shutdown watchdog: count = 4, workers = 4, now = true
2014-07-14 14:36:14,307-0500 INFO  CoasterService Shutdown sequence completed
2014-07-14 14:36:14,307-0500 INFO  Node Node [wireless-205-208-125-223.uchicago.edu] 0 shut down successfully
2014-07-14 14:36:14,307-0500 INFO  AbstractTCPChannel 0714-3602130-000000-000000: Channel shut down
2014-07-14 14:36:14,308-0500 INFO  MetaChannel MetaChannel [context: worker-1, boundTo: TCPChannel [type: server, contact: 0714-3602130-000000-000000]] binding to NullChannel
2014-07-14 14:36:14,308-0500 INFO  AbstractStreamCoasterChannel Using threaded sender for TCPChannel [type: server, contact: 0714-3602130-000000-000000]
2014-07-14 14:36:14,308-0500 INFO  MetaChannel MetaChannel [context: worker-1, boundTo: TCPChannel [type: server, contact: 0714-3602130-000000-000000]] binding to NullChannel
2014-07-14 14:36:14,308-0500 INFO  AbstractTCPChannel 0714-3602130-000000-000000: Channel terminated
2014-07-14 14:36:14,308-0500 INFO  RemoteLogHandler WORKER_SHUTDOWN blockid=0714-3602130-000000
2014-07-14 14:36:14,308-0500 INFO  RequestHandler Handler(tag: 16, RLOG) unregistering (send)
